C:\USERS\IKEDA\DOCUMENTS\MY SOURCES\VISUAL STUDIO PROJECTS\VSTTEST\AGAIN\DEBUG\AGAIN.DLL
C:\USERS\IKEDA\DOCUMENTS\MY SOURCES\VISUAL STUDIO PROJECTS\VSTTEST\AGAIN\DEBUG\AGAIN.DLL.EMBED.MANIFEST
C:\USERS\IKEDA\DOCUMENTS\MY SOURCES\VISUAL STUDIO PROJECTS\VSTTEST\AGAIN\DEBUG\AGAIN.DLL.EMBED.MANIFEST.RES
C:\USERS\IKEDA\DOCUMENTS\MY SOURCES\VISUAL STUDIO PROJECTS\VSTTEST\AGAIN\DEBUG\AGAIN.DLL.INTERMEDIATE.MANIFEST
C:\Users\ikeda\Documents\My Sources\Visual Studio Projects\vstTest\again\Debug\again.exp
C:\USERS\IKEDA\DOCUMENTS\MY SOURCES\VISUAL STUDIO PROJECTS\VSTTEST\AGAIN\DEBUG\AGAIN.ILK
C:\Users\ikeda\Documents\My Sources\Visual Studio Projects\vstTest\again\Debug\again.lib
C:\USERS\IKEDA\DOCUMENTS\MY SOURCES\VISUAL STUDIO PROJECTS\VSTTEST\AGAIN\DEBUG\AGAIN.OBJ
C:\USERS\IKEDA\DOCUMENTS\MY SOURCES\VISUAL STUDIO PROJECTS\VSTTEST\AGAIN\DEBUG\AGAIN.PDB
C:\Users\ikeda\Documents\My Sources\Visual Studio Projects\vstTest\again\Debug\again.write.1.tlog
C:\Users\ikeda\Documents\My Sources\Visual Studio Projects\vstTest\again\Debug\again_manifest.rc
C:\USERS\IKEDA\DOCUMENTS\MY SOURCES\VISUAL STUDIO PROJECTS\VSTTEST\AGAIN\DEBUG\AUDIOEFFECT.OBJ
C:\USERS\IKEDA\DOCUMENTS\MY SOURCES\VISUAL STUDIO PROJECTS\VSTTEST\AGAIN\DEBUG\AUDIOEFFECTX.OBJ
C:\Users\ikeda\Documents\My Sources\Visual Studio Projects\vstTest\again\Debug\cl.command.1.tlog
C:\Users\ikeda\Documents\My Sources\Visual Studio Projects\vstTest\again\Debug\CL.read.1.tlog
C:\Users\ikeda\Documents\My Sources\Visual Studio Projects\vstTest\again\Debug\CL.write.1.tlog
C:\Users\ikeda\Documents\My Sources\Visual Studio Projects\vstTest\again\Debug\link.9816.read.1.tlog
C:\Users\ikeda\Documents\My Sources\Visual Studio Projects\vstTest\again\Debug\link.9816.write.1.tlog
C:\Users\ikeda\Documents\My Sources\Visual Studio Projects\vstTest\again\Debug\link.9816-cvtres.read.1.tlog
C:\Users\ikeda\Documents\My Sources\Visual Studio Projects\vstTest\again\Debug\link.9816-cvtres.write.1.tlog
C:\Users\ikeda\Documents\My Sources\Visual Studio Projects\vstTest\again\Debug\link.command.1.tlog
C:\Users\ikeda\Documents\My Sources\Visual Studio Projects\vstTest\again\Debug\link.read.1.tlog
C:\Users\ikeda\Documents\My Sources\Visual Studio Projects\vstTest\again\Debug\link.write.1.tlog
C:\Users\ikeda\Documents\My Sources\Visual Studio Projects\vstTest\again\Debug\link-cvtres.read.1.tlog
C:\Users\ikeda\Documents\My Sources\Visual Studio Projects\vstTest\again\Debug\link-cvtres.write.1.tlog
C:\Users\ikeda\Documents\My Sources\Visual Studio Projects\vstTest\again\Debug\mt.command.1.tlog
C:\Users\ikeda\Documents\My Sources\Visual Studio Projects\vstTest\again\Debug\mt.read.1.tlog
C:\Users\ikeda\Documents\My Sources\Visual Studio Projects\vstTest\again\Debug\mt.write.1.tlog
C:\Users\ikeda\Documents\My Sources\Visual Studio Projects\vstTest\again\Debug\rc.command.1.tlog
C:\Users\ikeda\Documents\My Sources\Visual Studio Projects\vstTest\again\Debug\rc.read.1.tlog
C:\Users\ikeda\Documents\My Sources\Visual Studio Projects\vstTest\again\Debug\rc.write.1.tlog
C:\Users\ikeda\Documents\My Sources\Visual Studio Projects\vstTest\again\Debug\vc100.idb
C:\USERS\IKEDA\DOCUMENTS\MY SOURCES\VISUAL STUDIO PROJECTS\VSTTEST\AGAIN\DEBUG\VC100.PDB
C:\USERS\IKEDA\DOCUMENTS\MY SOURCES\VISUAL STUDIO PROJECTS\VSTTEST\AGAIN\DEBUG\VSTPLUGMAIN.OBJ
